  autowall.cpp
  slowwalk.cpp
  animation_system.cpp
  local_animations.cpp
  resolver.cpp
  setup_bones.cpp
  backtrack.cpp
  legitbot.cpp
  menu.cpp
  airstrafe.cpp
  bunnyhop.cpp
  fakelag.cpp
C:\Users\micro\Desktop\AngolaHook Aka AngolaHook\utils\util.hpp(6,10): fatal error C1083: Cannot open include file: '..\..\utils\crypt_str.h': No such file or directory (compiling source file cheats\menu.cpp)
C:\Users\micro\Desktop\AngolaHook Aka AngolaHook\sdk\math\VMatrix.hpp(115,44): warning C4244: '=': conversion from 'double' to 'float', possible loss of data (compiling source file cheats\lagcompensation\local_animations.cpp)
C:\Users\micro\Desktop\AngolaHook Aka AngolaHook\sdk\math\VMatrix.hpp(116,38): warning C4244: '=': conversion from 'double' to 'float', possible loss of data (compiling source file cheats\lagcompensation\local_animations.cpp)
C:\Users\micro\Desktop\AngolaHook Aka AngolaHook\sdk\math\VMatrix.hpp(117,38): warning C4244: '=': conversion from 'double' to 'float', possible loss of data (compiling source file cheats\lagcompensation\local_animations.cpp)
C:\Users\micro\Desktop\AngolaHook Aka AngolaHook\sdk\math\VMatrix.hpp(115,44): warning C4244: '=': conversion from 'double' to 'float', possible loss of data (compiling source file cheats\lagcompensation\resolver.cpp)
C:\Users\micro\Desktop\AngolaHook Aka AngolaHook\sdk\math\VMatrix.hpp(116,38): warning C4244: '=': conversion from 'double' to 'float', possible loss of data (compiling source file cheats\lagcompensation\resolver.cpp)
C:\Users\micro\Desktop\AngolaHook Aka AngolaHook\sdk\math\VMatrix.hpp(117,38): warning C4244: '=': conversion from 'double' to 'float', possible loss of data (compiling source file cheats\lagcompensation\resolver.cpp)
C:\Users\micro\Desktop\AngolaHook Aka AngolaHook\sdk\math\VMatrix.hpp(115,44): warning C4244: '=': conversion from 'double' to 'float', possible loss of data (compiling source file cheats\legitbot\backtrack.cpp)
C:\Users\micro\Desktop\AngolaHook Aka AngolaHook\sdk\math\VMatrix.hpp(116,38): warning C4244: '=': conversion from 'double' to 'float', possible loss of data (compiling source file cheats\legitbot\backtrack.cpp)
C:\Users\micro\Desktop\AngolaHook Aka AngolaHook\sdk\math\VMatrix.hpp(117,38): warning C4244: '=': conversion from 'double' to 'float', possible loss of data (compiling source file cheats\legitbot\backtrack.cpp)
C:\Users\micro\Desktop\AngolaHook Aka AngolaHook\sdk\math\VMatrix.hpp(115,44): warning C4244: '=': conversion from 'double' to 'float', possible loss of data (compiling source file cheats\misc\bunnyhop.cpp)
C:\Users\micro\Desktop\AngolaHook Aka AngolaHook\sdk\math\VMatrix.hpp(116,38): warning C4244: '=': conversion from 'double' to 'float', possible loss of data (compiling source file cheats\misc\bunnyhop.cpp)
C:\Users\micro\Desktop\AngolaHook Aka AngolaHook\sdk\math\VMatrix.hpp(117,38): warning C4244: '=': conversion from 'double' to 'float', possible loss of data (compiling source file cheats\misc\bunnyhop.cpp)
C:\Users\micro\Desktop\AngolaHook Aka AngolaHook\sdk\math\VMatrix.hpp(115,44): warning C4244: '=': conversion from 'double' to 'float', possible loss of data (compiling source file cheats\legitbot\legitbot.cpp)
C:\Users\micro\Desktop\AngolaHook Aka AngolaHook\sdk\math\VMatrix.hpp(116,38): warning C4244: '=': conversion from 'double' to 'float', possible loss of data (compiling source file cheats\legitbot\legitbot.cpp)
C:\Users\micro\Desktop\AngolaHook Aka AngolaHook\sdk\math\VMatrix.hpp(117,38): warning C4244: '=': conversion from 'double' to 'float', possible loss of data (compiling source file cheats\legitbot\legitbot.cpp)
C:\Users\micro\Desktop\AngolaHook Aka AngolaHook\sdk\math\VMatrix.hpp(115,44): warning C4244: '=': conversion from 'double' to 'float', possible loss of data (compiling source file cheats\lagcompensation\setup_bones.cpp)
C:\Users\micro\Desktop\AngolaHook Aka AngolaHook\sdk\math\VMatrix.hpp(116,38): warning C4244: '=': conversion from 'double' to 'float', possible loss of data (compiling source file cheats\lagcompensation\setup_bones.cpp)
C:\Users\micro\Desktop\AngolaHook Aka AngolaHook\sdk\math\VMatrix.hpp(117,38): warning C4244: '=': conversion from 'double' to 'float', possible loss of data (compiling source file cheats\lagcompensation\setup_bones.cpp)
  key_binds.cpp
C:\Users\micro\Desktop\AngolaHook Aka AngolaHook\sdk\math\VMatrix.hpp(115,44): warning C4244: '=': conversion from 'double' to 'float', possible loss of data (compiling source file cheats\misc\airstrafe.cpp)
C:\Users\micro\Desktop\AngolaHook Aka AngolaHook\sdk\math\VMatrix.hpp(116,38): warning C4244: '=': conversion from 'double' to 'float', possible loss of data (compiling source file cheats\misc\airstrafe.cpp)
C:\Users\micro\Desktop\AngolaHook Aka AngolaHook\sdk\math\VMatrix.hpp(117,38): warning C4244: '=': conversion from 'double' to 'float', possible loss of data (compiling source file cheats\misc\airstrafe.cpp)
C:\Users\micro\Desktop\AngolaHook Aka AngolaHook\sdk\math\VMatrix.hpp(115,44): warning C4244: '=': conversion from 'double' to 'float', possible loss of data (compiling source file cheats\misc\fakelag.cpp)
C:\Users\micro\Desktop\AngolaHook Aka AngolaHook\sdk\math\VMatrix.hpp(116,38): warning C4244: '=': conversion from 'double' to 'float', possible loss of data (compiling source file cheats\misc\fakelag.cpp)
C:\Users\micro\Desktop\AngolaHook Aka AngolaHook\sdk\math\VMatrix.hpp(117,38): warning C4244: '=': conversion from 'double' to 'float', possible loss of data (compiling source file cheats\misc\fakelag.cpp)
C:\Users\micro\Desktop\AngolaHook Aka AngolaHook\sdk\math\VMatrix.hpp(115,44): warning C4244: '=': conversion from 'double' to 'float', possible loss of data (compiling source file cheats\fakewalk\slowwalk.cpp)
C:\Users\micro\Desktop\AngolaHook Aka AngolaHook\sdk\math\VMatrix.hpp(116,38): warning C4244: '=': conversion from 'double' to 'float', possible loss of data (compiling source file cheats\fakewalk\slowwalk.cpp)
C:\Users\micro\Desktop\AngolaHook Aka AngolaHook\sdk\math\VMatrix.hpp(117,38): warning C4244: '=': conversion from 'double' to 'float', possible loss of data (compiling source file cheats\fakewalk\slowwalk.cpp)
C:\Users\micro\Desktop\AngolaHook Aka AngolaHook\sdk\math\VMatrix.hpp(115,44): warning C4244: '=': conversion from 'double' to 'float', possible loss of data (compiling source file cheats\lagcompensation\animation_system.cpp)
C:\Users\micro\Desktop\AngolaHook Aka AngolaHook\sdk\math\VMatrix.hpp(116,38): warning C4244: '=': conversion from 'double' to 'float', possible loss of data (compiling source file cheats\lagcompensation\animation_system.cpp)
C:\Users\micro\Desktop\AngolaHook Aka AngolaHook\sdk\math\VMatrix.hpp(117,38): warning C4244: '=': conversion from 'double' to 'float', possible loss of data (compiling source file cheats\lagcompensation\animation_system.cpp)
C:\Users\micro\Desktop\AngolaHook Aka AngolaHook\sdk\math\VMatrix.hpp(115,44): warning C4244: '=': conversion from 'double' to 'float', possible loss of data (compiling source file cheats\autowall\autowall.cpp)
C:\Users\micro\Desktop\AngolaHook Aka AngolaHook\sdk\math\VMatrix.hpp(116,38): warning C4244: '=': conversion from 'double' to 'float', possible loss of data (compiling source file cheats\autowall\autowall.cpp)
C:\Users\micro\Desktop\AngolaHook Aka AngolaHook\sdk\math\VMatrix.hpp(117,38): warning C4244: '=': conversion from 'double' to 'float', possible loss of data (compiling source file cheats\autowall\autowall.cpp)
C:\Users\micro\Desktop\AngolaHook Aka AngolaHook\lua\sol.hpp(2333,10): fatal error C1083: Cannot open include file: 'lua.h': No such file or directory (compiling source file cheats\lagcompensation\local_animations.cpp)
  logs.cpp
C:\Users\micro\Desktop\AngolaHook Aka AngolaHook\lua\sol.hpp(2333,10): fatal error C1083: Cannot open include file: 'lua.h': No such file or directory (compiling source file cheats\misc\bunnyhop.cpp)
C:\Users\micro\Desktop\AngolaHook Aka AngolaHook\lua\sol.hpp(2333,10): fatal error C1083: Cannot open include file: 'lua.h': No such file or directory (compiling source file cheats\legitbot\legitbot.cpp)
C:\Users\micro\Desktop\AngolaHook Aka AngolaHook\lua\sol.hpp(2333,10): fatal error C1083: Cannot open include file: 'lua.h': No such file or directory (compiling source file cheats\misc\airstrafe.cpp)
  misc.cpp
C:\Users\micro\Desktop\AngolaHook Aka AngolaHook\lua\sol.hpp(2333,10): fatal error C1083: Cannot open include file: 'lua.h': No such file or directory (compiling source file cheats\lagcompensation\setup_bones.cpp)
C:\Users\micro\Desktop\AngolaHook Aka AngolaHook\lua\sol.hpp(2333,10): fatal error C1083: Cannot open include file: 'lua.h': No such file or directory (compiling source file cheats\lagcompensation\resolver.cpp)
  prediction_system.cpp
  spammers.cpp
  aim.cpp
  antiaim.cpp
C:\Users\micro\Desktop\AngolaHook Aka AngolaHook\lua\sol.hpp(2333,10): fatal error C1083: Cannot open include file: 'lua.h': No such file or directory (compiling source file cheats\misc\fakelag.cpp)
C:\Users\micro\Desktop\AngolaHook Aka AngolaHook\lua\sol.hpp(2333,10): fatal error C1083: Cannot open include file: 'lua.h': No such file or directory (compiling source file cheats\legitbot\backtrack.cpp)
C:\Users\micro\Desktop\AngolaHook Aka AngolaHook\lua\sol.hpp(2333,10): fatal error C1083: Cannot open include file: 'lua.h': No such file or directory (compiling source file cheats\lagcompensation\animation_system.cpp)
  knifebot.cpp
  zeusbot.cpp
  bullet_tracers.cpp
C:\Users\micro\Desktop\AngolaHook Aka AngolaHook\lua\sol.hpp(2333,10): fatal error C1083: Cannot open include file: 'lua.h': No such file or directory (compiling source file cheats\fakewalk\slowwalk.cpp)
C:\Users\micro\Desktop\AngolaHook Aka AngolaHook\lua\sol.hpp(2333,10): fatal error C1083: Cannot open include file: 'lua.h': No such file or directory (compiling source file cheats\autowall\autowall.cpp)
  dormant_esp.cpp
  GrenadePrediction.cpp
C:\Users\micro\Desktop\AngolaHook Aka AngolaHook\sdk\math\VMatrix.hpp(115,44): warning C4244: '=': conversion from 'double' to 'float', possible loss of data (compiling source file cheats\misc\key_binds.cpp)
C:\Users\micro\Desktop\AngolaHook Aka AngolaHook\sdk\math\VMatrix.hpp(116,38): warning C4244: '=': conversion from 'double' to 'float', possible loss of data (compiling source file cheats\misc\key_binds.cpp)
C:\Users\micro\Desktop\AngolaHook Aka AngolaHook\sdk\math\VMatrix.hpp(117,38): warning C4244: '=': conversion from 'double' to 'float', possible loss of data (compiling source file cheats\misc\key_binds.cpp)
C:\Users\micro\Desktop\AngolaHook Aka AngolaHook\sdk\math\VMatrix.hpp(115,44): warning C4244: '=': conversion from 'double' to 'float', possible loss of data (compiling source file cheats\misc\logs.cpp)
C:\Users\micro\Desktop\AngolaHook Aka AngolaHook\sdk\math\VMatrix.hpp(116,38): warning C4244: '=': conversion from 'double' to 'float', possible loss of data (compiling source file cheats\misc\logs.cpp)
C:\Users\micro\Desktop\AngolaHook Aka AngolaHook\sdk\math\VMatrix.hpp(117,38): warning C4244: '=': conversion from 'double' to 'float', possible loss of data (compiling source file cheats\misc\logs.cpp)
C:\Users\micro\Desktop\AngolaHook Aka AngolaHook\sdk\math\VMatrix.hpp(115,44): warning C4244: '=': conversion from 'double' to 'float', possible loss of data (compiling source file cheats\misc\prediction_system.cpp)
C:\Users\micro\Desktop\AngolaHook Aka AngolaHook\sdk\math\VMatrix.hpp(116,38): warning C4244: '=': conversion from 'double' to 'float', possible loss of data (compiling source file cheats\misc\prediction_system.cpp)
C:\Users\micro\Desktop\AngolaHook Aka AngolaHook\sdk\math\VMatrix.hpp(117,38): warning C4244: '=': conversion from 'double' to 'float', possible loss of data (compiling source file cheats\misc\prediction_system.cpp)
C:\Users\micro\Desktop\AngolaHook Aka AngolaHook\sdk\math\VMatrix.hpp(115,44): warning C4244: '=': conversion from 'double' to 'float', possible loss of data (compiling source file cheats\visuals\bullet_tracers.cpp)
C:\Users\micro\Desktop\AngolaHook Aka AngolaHook\sdk\math\VMatrix.hpp(116,38): warning C4244: '=': conversion from 'double' to 'float', possible loss of data (compiling source file cheats\visuals\bullet_tracers.cpp)
C:\Users\micro\Desktop\AngolaHook Aka AngolaHook\sdk\math\VMatrix.hpp(117,38): warning C4244: '=': conversion from 'double' to 'float', possible loss of data (compiling source file cheats\visuals\bullet_tracers.cpp)
C:\Users\micro\Desktop\AngolaHook Aka AngolaHook\sdk\math\VMatrix.hpp(115,44): warning C4244: '=': conversion from 'double' to 'float', possible loss of data (compiling source file cheats\misc\misc.cpp)
C:\Users\micro\Desktop\AngolaHook Aka AngolaHook\sdk\math\VMatrix.hpp(116,38): warning C4244: '=': conversion from 'double' to 'float', possible loss of data (compiling source file cheats\misc\misc.cpp)
C:\Users\micro\Desktop\AngolaHook Aka AngolaHook\sdk\math\VMatrix.hpp(117,38): warning C4244: '=': conversion from 'double' to 'float', possible loss of data (compiling source file cheats\misc\misc.cpp)
C:\Users\micro\Desktop\AngolaHook Aka AngolaHook\sdk\math\VMatrix.hpp(115,44): warning C4244: '=': conversion from 'double' to 'float', possible loss of data (compiling source file cheats\ragebot\aim.cpp)
C:\Users\micro\Desktop\AngolaHook Aka AngolaHook\sdk\math\VMatrix.hpp(116,38): warning C4244: '=': conversion from 'double' to 'float', possible loss of data (compiling source file cheats\ragebot\aim.cpp)
C:\Users\micro\Desktop\AngolaHook Aka AngolaHook\sdk\math\VMatrix.hpp(117,38): warning C4244: '=': conversion from 'double' to 'float', possible loss of data (compiling source file cheats\ragebot\aim.cpp)
C:\Users\micro\Desktop\AngolaHook Aka AngolaHook\sdk\math\VMatrix.hpp(115,44): warning C4244: '=': conversion from 'double' to 'float', possible loss of data (compiling source file cheats\misc\spammers.cpp)
C:\Users\micro\Desktop\AngolaHook Aka AngolaHook\sdk\math\VMatrix.hpp(116,38): warning C4244: '=': conversion from 'double' to 'float', possible loss of data (compiling source file cheats\misc\spammers.cpp)
C:\Users\micro\Desktop\AngolaHook Aka AngolaHook\sdk\math\VMatrix.hpp(117,38): warning C4244: '=': conversion from 'double' to 'float', possible loss of data (compiling source file cheats\misc\spammers.cpp)
C:\Users\micro\Desktop\AngolaHook Aka AngolaHook\lua\sol.hpp(2333,10): fatal error C1083: Cannot open include file: 'lua.h': No such file or directory (compiling source file cheats\misc\key_binds.cpp)
  nightmode.cpp
C:\Users\micro\Desktop\AngolaHook Aka AngolaHook\sdk\math\VMatrix.hpp(115,44): warning C4244: '=': conversion from 'double' to 'float', possible loss of data (compiling source file cheats\visuals\GrenadePrediction.cpp)
C:\Users\micro\Desktop\AngolaHook Aka AngolaHook\sdk\math\VMatrix.hpp(116,38): warning C4244: '=': conversion from 'double' to 'float', possible loss of data (compiling source file cheats\visuals\GrenadePrediction.cpp)
C:\Users\micro\Desktop\AngolaHook Aka AngolaHook\sdk\math\VMatrix.hpp(117,38): warning C4244: '=': conversion from 'double' to 'float', possible loss of data (compiling source file cheats\visuals\GrenadePrediction.cpp)
C:\Users\micro\Desktop\AngolaHook Aka AngolaHook\lua\sol.hpp(2333,10): fatal error C1083: Cannot open include file: 'lua.h': No such file or directory (compiling source file cheats\misc\logs.cpp)
  other_esp.cpp
C:\Users\micro\Desktop\AngolaHook Aka AngolaHook\sdk\math\VMatrix.hpp(115,44): warning C4244: '=': conversion from 'double' to 'float', possible loss of data (compiling source file cheats\ragebot\zeusbot.cpp)
C:\Users\micro\Desktop\AngolaHook Aka AngolaHook\sdk\math\VMatrix.hpp(116,38): warning C4244: '=': conversion from 'double' to 'float', possible loss of data (compiling source file cheats\ragebot\zeusbot.cpp)
C:\Users\micro\Desktop\AngolaHook Aka AngolaHook\sdk\math\VMatrix.hpp(117,38): warning C4244: '=': conversion from 'double' to 'float', possible loss of data (compiling source file cheats\ragebot\zeusbot.cpp)
C:\Users\micro\Desktop\AngolaHook Aka AngolaHook\sdk\math\VMatrix.hpp(115,44): warning C4244: '=': conversion from 'double' to 'float', possible loss of data (compiling source file cheats\ragebot\knifebot.cpp)
C:\Users\micro\Desktop\AngolaHook Aka AngolaHook\sdk\math\VMatrix.hpp(116,38): warning C4244: '=': conversion from 'double' to 'float', possible loss of data (compiling source file cheats\ragebot\knifebot.cpp)
C:\Users\micro\Desktop\AngolaHook Aka AngolaHook\sdk\math\VMatrix.hpp(117,38): warning C4244: '=': conversion from 'double' to 'float', possible loss of data (compiling source file cheats\ragebot\knifebot.cpp)
C:\Users\micro\Desktop\AngolaHook Aka AngolaHook\sdk\math\VMatrix.hpp(115,44): warning C4244: '=': conversion from 'double' to 'float', possible loss of data (compiling source file cheats\ragebot\antiaim.cpp)
C:\Users\micro\Desktop\AngolaHook Aka AngolaHook\sdk\math\VMatrix.hpp(116,38): warning C4244: '=': conversion from 'double' to 'float', possible loss of data (compiling source file cheats\ragebot\antiaim.cpp)
C:\Users\micro\Desktop\AngolaHook Aka AngolaHook\sdk\math\VMatrix.hpp(117,38): warning C4244: '=': conversion from 'double' to 'float', possible loss of data (compiling source file cheats\ragebot\antiaim.cpp)
C:\Users\micro\Desktop\AngolaHook Aka AngolaHook\lua\sol.hpp(2333,10): fatal error C1083: Cannot open include file: 'lua.h': No such file or directory (compiling source file cheats\misc\prediction_system.cpp)
  player_esp.cpp
C:\Users\micro\Desktop\AngolaHook Aka AngolaHook\sdk\math\VMatrix.hpp(115,44): warning C4244: '=': conversion from 'double' to 'float', possible loss of data (compiling source file cheats\visuals\dormant_esp.cpp)
C:\Users\micro\Desktop\AngolaHook Aka AngolaHook\sdk\math\VMatrix.hpp(116,38): warning C4244: '=': conversion from 'double' to 'float', possible loss of data (compiling source file cheats\visuals\dormant_esp.cpp)
C:\Users\micro\Desktop\AngolaHook Aka AngolaHook\sdk\math\VMatrix.hpp(117,38): warning C4244: '=': conversion from 'double' to 'float', possible loss of data (compiling source file cheats\visuals\dormant_esp.cpp)
C:\Users\micro\Desktop\AngolaHook Aka AngolaHook\lua\sol.hpp(2333,10): fatal error C1083: Cannot open include file: 'lua.h': No such file or directory (compiling source file cheats\ragebot\aim.cpp)
  world_esp.cpp
C:\Users\micro\Desktop\AngolaHook Aka AngolaHook\lua\sol.hpp(2333,10): fatal error C1083: Cannot open include file: 'lua.h': No such file or directory (compiling source file cheats\misc\spammers.cpp)
  configs.cpp
C:\Users\micro\Desktop\AngolaHook Aka AngolaHook\lua\sol.hpp(2333,10): fatal error C1083: Cannot open include file: 'lua.h': No such file or directory (compiling source file cheats\misc\misc.cpp)
C:\Users\micro\Desktop\AngolaHook Aka AngolaHook\lua\sol.hpp(2333,10): fatal error C1083: Cannot open include file: 'lua.h': No such file or directory (compiling source file cheats\visuals\bullet_tracers.cpp)
C:\Users\micro\Desktop\AngolaHook Aka AngolaHook\lua\sol.hpp(2333,10): fatal error C1083: Cannot open include file: 'lua.h': No such file or directory (compiling source file cheats\visuals\GrenadePrediction.cpp)
  hooks.cpp
  hooked_beginframe.cpp
  hooked_createmove.cpp
C:\Users\micro\Desktop\AngolaHook Aka AngolaHook\lua\sol.hpp(2333,10): fatal error C1083: Cannot open include file: 'lua.h': No such file or directory (compiling source file cheats\ragebot\zeusbot.cpp)
  hooked_dme.cpp
C:\Users\micro\Desktop\AngolaHook Aka AngolaHook\lua\sol.hpp(2333,10): fatal error C1083: Cannot open include file: 'lua.h': No such file or directory (compiling source file cheats\ragebot\knifebot.cpp)
  hooked_drawfog.cpp
C:\Users\micro\Desktop\AngolaHook Aka AngolaHook\lua\sol.hpp(2333,10): fatal error C1083: Cannot open include file: 'lua.h': No such file or directory (compiling source file cheats\ragebot\antiaim.cpp)
  hooked_events.cpp
C:\Users\micro\Desktop\AngolaHook Aka AngolaHook\lua\sol.hpp(2333,10): fatal error C1083: Cannot open include file: 'lua.h': No such file or directory (compiling source file cheats\visuals\dormant_esp.cpp)
  hooked_findmdl.cpp
C:\Users\micro\Desktop\AngolaHook Aka AngolaHook\utils\util.hpp(6,10): fatal error C1083: Cannot open include file: '..\..\utils\crypt_str.h': No such file or directory (compiling source file configs\configs.cpp)
  hooked_fsn.cpp
C:\Users\micro\Desktop\AngolaHook Aka AngolaHook\utils\util.hpp(6,10): fatal error C1083: Cannot open include file: '..\..\utils\crypt_str.h': No such file or directory (compiling source file hooks\hooks.cpp)
  hooked_getmaterial.cpp
C:\Users\micro\Desktop\AngolaHook Aka AngolaHook\sdk\math\VMatrix.hpp(115,44): warning C4244: '=': conversion from 'double' to 'float', possible loss of data (compiling source file cheats\visuals\nightmode.cpp)
C:\Users\micro\Desktop\AngolaHook Aka AngolaHook\sdk\math\VMatrix.hpp(116,38): warning C4244: '=': conversion from 'double' to 'float', possible loss of data (compiling source file cheats\visuals\nightmode.cpp)
C:\Users\micro\Desktop\AngolaHook Aka AngolaHook\sdk\math\VMatrix.hpp(117,38): warning C4244: '=': conversion from 'double' to 'float', possible loss of data (compiling source file cheats\visuals\nightmode.cpp)
C:\Users\micro\Desktop\AngolaHook Aka AngolaHook\sdk\math\VMatrix.hpp(115,44): warning C4244: '=': conversion from 'double' to 'float', possible loss of data (compiling source file cheats\visuals\other_esp.cpp)
C:\Users\micro\Desktop\AngolaHook Aka AngolaHook\sdk\math\VMatrix.hpp(116,38): warning C4244: '=': conversion from 'double' to 'float', possible loss of data (compiling source file cheats\visuals\other_esp.cpp)
C:\Users\micro\Desktop\AngolaHook Aka AngolaHook\sdk\math\VMatrix.hpp(117,38): warning C4244: '=': conversion from 'double' to 'float', possible loss of data (compiling source file cheats\visuals\other_esp.cpp)
C:\Users\micro\Desktop\AngolaHook Aka AngolaHook\sdk\math\VMatrix.hpp(115,44): warning C4244: '=': conversion from 'double' to 'float', possible loss of data (compiling source file cheats\visuals\player_esp.cpp)
C:\Users\micro\Desktop\AngolaHook Aka AngolaHook\sdk\math\VMatrix.hpp(116,38): warning C4244: '=': conversion from 'double' to 'float', possible loss of data (compiling source file cheats\visuals\player_esp.cpp)
C:\Users\micro\Desktop\AngolaHook Aka AngolaHook\sdk\math\VMatrix.hpp(117,38): warning C4244: '=': conversion from 'double' to 'float', possible loss of data (compiling source file cheats\visuals\player_esp.cpp)
C:\Users\micro\Desktop\AngolaHook Aka AngolaHook\sdk\math\VMatrix.hpp(115,44): warning C4244: '=': conversion from 'double' to 'float', possible loss of data (compiling source file cheats\visuals\world_esp.cpp)
C:\Users\micro\Desktop\AngolaHook Aka AngolaHook\sdk\math\VMatrix.hpp(116,38): warning C4244: '=': conversion from 'double' to 'float', possible loss of data (compiling source file cheats\visuals\world_esp.cpp)
C:\Users\micro\Desktop\AngolaHook Aka AngolaHook\sdk\math\VMatrix.hpp(117,38): warning C4244: '=': conversion from 'double' to 'float', possible loss of data (compiling source file cheats\visuals\world_esp.cpp)
C:\Users\micro\Desktop\AngolaHook Aka AngolaHook\sdk\math\VMatrix.hpp(115,44): warning C4244: '=': conversion from 'double' to 'float', possible loss of data (compiling source file hooks\hooks\hooked_beginframe.cpp)
C:\Users\micro\Desktop\AngolaHook Aka AngolaHook\sdk\math\VMatrix.hpp(116,38): warning C4244: '=': conversion from 'double' to 'float', possible loss of data (compiling source file hooks\hooks\hooked_beginframe.cpp)
C:\Users\micro\Desktop\AngolaHook Aka AngolaHook\sdk\math\VMatrix.hpp(117,38): warning C4244: '=': conversion from 'double' to 'float', possible loss of data (compiling source file hooks\hooks\hooked_beginframe.cpp)
C:\Users\micro\Desktop\AngolaHook Aka AngolaHook\lua\sol.hpp(2333,10): fatal error C1083: Cannot open include file: 'lua.h': No such file or directory (compiling source file cheats\visuals\player_esp.cpp)
  hooked_ishltv.cpp
C:\Users\micro\Desktop\AngolaHook Aka AngolaHook\sdk\math\VMatrix.hpp(115,44): warning C4244: '=': conversion from 'double' to 'float', possible loss of data (compiling source file hooks\hooks\hooked_drawfog.cpp)
C:\Users\micro\Desktop\AngolaHook Aka AngolaHook\sdk\math\VMatrix.hpp(116,38): warning C4244: '=': conversion from 'double' to 'float', possible loss of data (compiling source file hooks\hooks\hooked_drawfog.cpp)
C:\Users\micro\Desktop\AngolaHook Aka AngolaHook\sdk\math\VMatrix.hpp(117,38): warning C4244: '=': conversion from 'double' to 'float', possible loss of data (compiling source file hooks\hooks\hooked_drawfog.cpp)
C:\Users\micro\Desktop\AngolaHook Aka AngolaHook\lua\sol.hpp(2333,10): fatal error C1083: Cannot open include file: 'lua.h': No such file or directory (compiling source file cheats\visuals\nightmode.cpp)
  hooked_listleavesinbox.cpp
C:\Users\micro\Desktop\AngolaHook Aka AngolaHook\lua\sol.hpp(2333,10): fatal error C1083: Cannot open include file: 'lua.h': No such file or directory (compiling source file cheats\visuals\other_esp.cpp)
C:\Users\micro\Desktop\AngolaHook Aka AngolaHook\sdk\math\VMatrix.hpp(115,44): warning C4244: '=': conversion from 'double' to 'float', possible loss of data (compiling source file hooks\hooks\hooked_dme.cpp)
C:\Users\micro\Desktop\AngolaHook Aka AngolaHook\sdk\math\VMatrix.hpp(116,38): warning C4244: '=': conversion from 'double' to 'float', possible loss of data (compiling source file hooks\hooks\hooked_dme.cpp)
C:\Users\micro\Desktop\AngolaHook Aka AngolaHook\sdk\math\VMatrix.hpp(117,38): warning C4244: '=': conversion from 'double' to 'float', possible loss of data (compiling source file hooks\hooks\hooked_dme.cpp)
C:\Users\micro\Desktop\AngolaHook Aka AngolaHook\sdk\math\VMatrix.hpp(115,44): warning C4244: '=': conversion from 'double' to 'float', possible loss of data (compiling source file hooks\hooks\hooked_createmove.cpp)
C:\Users\micro\Desktop\AngolaHook Aka AngolaHook\sdk\math\VMatrix.hpp(116,38): warning C4244: '=': conversion from 'double' to 'float', possible loss of data (compiling source file hooks\hooks\hooked_createmove.cpp)
C:\Users\micro\Desktop\AngolaHook Aka AngolaHook\sdk\math\VMatrix.hpp(117,38): warning C4244: '=': conversion from 'double' to 'float', possible loss of data (compiling source file hooks\hooks\hooked_createmove.cpp)
  hooked_lockcursor.cpp
C:\Users\micro\Desktop\AngolaHook Aka AngolaHook\lua\sol.hpp(2333,10): fatal error C1083: Cannot open include file: 'lua.h': No such file or directory (compiling source file hooks\hooks\hooked_beginframe.cpp)
  hooked_overrideview.cpp
C:\Users\micro\Desktop\AngolaHook Aka AngolaHook\lua\sol.hpp(2333,10): fatal error C1083: Cannot open include file: 'lua.h': No such file or directory (compiling source file cheats\visuals\world_esp.cpp)
C:\Users\micro\Desktop\AngolaHook Aka AngolaHook\sdk\math\VMatrix.hpp(115,44): warning C4244: '=': conversion from 'double' to 'float', possible loss of data (compiling source file hooks\hooks\hooked_findmdl.cpp)
C:\Users\micro\Desktop\AngolaHook Aka AngolaHook\sdk\math\VMatrix.hpp(116,38): warning C4244: '=': conversion from 'double' to 'float', possible loss of data (compiling source file hooks\hooks\hooked_findmdl.cpp)
C:\Users\micro\Desktop\AngolaHook Aka AngolaHook\sdk\math\VMatrix.hpp(117,38): warning C4244: '=': conversion from 'double' to 'float', possible loss of data (compiling source file hooks\hooks\hooked_findmdl.cpp)
  hooked_painttraverse.cpp
C:\Users\micro\Desktop\AngolaHook Aka AngolaHook\lua\sol.hpp(2333,10): fatal error C1083: Cannot open include file: 'lua.h': No such file or directory (compiling source file hooks\hooks\hooked_drawfog.cpp)
  hooked_postscreeneffects.cpp
C:\Users\micro\Desktop\AngolaHook Aka AngolaHook\lua\sol.hpp(2333,10): fatal error C1083: Cannot open include file: 'lua.h': No such file or directory (compiling source file hooks\hooks\hooked_dme.cpp)
C:\Users\micro\Desktop\AngolaHook Aka AngolaHook\lua\sol.hpp(2333,10): fatal error C1083: Cannot open include file: 'lua.h': No such file or directory (compiling source file hooks\hooks\hooked_createmove.cpp)
  hooked_runcommand.cpp
  hooked_sceneend.cpp
C:\Users\micro\Desktop\AngolaHook Aka AngolaHook\sdk\math\VMatrix.hpp(115,44): warning C4244: '=': conversion from 'double' to 'float', possible loss of data (compiling source file hooks\hooks\hooked_events.cpp)
C:\Users\micro\Desktop\AngolaHook Aka AngolaHook\sdk\math\VMatrix.hpp(116,38): warning C4244: '=': conversion from 'double' to 'float', possible loss of data (compiling source file hooks\hooks\hooked_events.cpp)
C:\Users\micro\Desktop\AngolaHook Aka AngolaHook\sdk\math\VMatrix.hpp(117,38): warning C4244: '=': conversion from 'double' to 'float', possible loss of data (compiling source file hooks\hooks\hooked_events.cpp)
C:\Users\micro\Desktop\AngolaHook Aka AngolaHook\lua\sol.hpp(2333,10): fatal error C1083: Cannot open include file: 'lua.h': No such file or directory (compiling source file hooks\hooks\hooked_findmdl.cpp)
  hooked_senddatagram.cpp
C:\Users\micro\Desktop\AngolaHook Aka AngolaHook\lua\sol.hpp(2333,10): fatal error C1083: Cannot open include file: 'lua.h': No such file or directory (compiling source file hooks\hooks\hooked_events.cpp)
  hooked_player.cpp
C:\Users\micro\Desktop\AngolaHook Aka AngolaHook\sdk\math\VMatrix.hpp(115,44): warning C4244: '=': conversion from 'double' to 'float', possible loss of data (compiling source file hooks\hooks\hooked_fsn.cpp)
C:\Users\micro\Desktop\AngolaHook Aka AngolaHook\sdk\math\VMatrix.hpp(116,38): warning C4244: '=': conversion from 'double' to 'float', possible loss of data (compiling source file hooks\hooks\hooked_fsn.cpp)
C:\Users\micro\Desktop\AngolaHook Aka AngolaHook\sdk\math\VMatrix.hpp(117,38): warning C4244: '=': conversion from 'double' to 'float', possible loss of data (compiling source file hooks\hooks\hooked_fsn.cpp)
C:\Users\micro\Desktop\AngolaHook Aka AngolaHook\lua\sol.hpp(2333,10): fatal error C1083: Cannot open include file: 'lua.h': No such file or directory (compiling source file hooks\hooks\hooked_fsn.cpp)
  hooked_isconnected.cpp
C:\Users\micro\Desktop\AngolaHook Aka AngolaHook\sdk\math\VMatrix.hpp(115,44): warning C4244: '=': conversion from 'double' to 'float', possible loss of data (compiling source file hooks\hooks\hooked_getmaterial.cpp)
C:\Users\micro\Desktop\AngolaHook Aka AngolaHook\sdk\math\VMatrix.hpp(116,38): warning C4244: '=': conversion from 'double' to 'float', possible loss of data (compiling source file hooks\hooks\hooked_getmaterial.cpp)
C:\Users\micro\Desktop\AngolaHook Aka AngolaHook\sdk\math\VMatrix.hpp(117,38): warning C4244: '=': conversion from 'double' to 'float', possible loss of data (compiling source file hooks\hooks\hooked_getmaterial.cpp)
C:\Users\micro\Desktop\AngolaHook Aka AngolaHook\sdk\math\VMatrix.hpp(115,44): warning C4244: '=': conversion from 'double' to 'float', possible loss of data (compiling source file hooks\hooks\hooked_lockcursor.cpp)
C:\Users\micro\Desktop\AngolaHook Aka AngolaHook\sdk\math\VMatrix.hpp(116,38): warning C4244: '=': conversion from 'double' to 'float', possible loss of data (compiling source file hooks\hooks\hooked_lockcursor.cpp)
C:\Users\micro\Desktop\AngolaHook Aka AngolaHook\sdk\math\VMatrix.hpp(117,38): warning C4244: '=': conversion from 'double' to 'float', possible loss of data (compiling source file hooks\hooks\hooked_lockcursor.cpp)
C:\Users\micro\Desktop\AngolaHook Aka AngolaHook\sdk\math\VMatrix.hpp(115,44): warning C4244: '=': conversion from 'double' to 'float', possible loss of data (compiling source file hooks\hooks\hooked_ishltv.cpp)
C:\Users\micro\Desktop\AngolaHook Aka AngolaHook\sdk\math\VMatrix.hpp(116,38): warning C4244: '=': conversion from 'double' to 'float', possible loss of data (compiling source file hooks\hooks\hooked_ishltv.cpp)
C:\Users\micro\Desktop\AngolaHook Aka AngolaHook\sdk\math\VMatrix.hpp(117,38): warning C4244: '=': conversion from 'double' to 'float', possible loss of data (compiling source file hooks\hooks\hooked_ishltv.cpp)
C:\Users\micro\Desktop\AngolaHook Aka AngolaHook\lua\sol.hpp(2333,10): fatal error C1083: Cannot open include file: 'lua.h': No such file or directory (compiling source file hooks\hooks\hooked_getmaterial.cpp)
  hooked_trace.cpp
C:\Users\micro\Desktop\AngolaHook Aka AngolaHook\sdk\math\VMatrix.hpp(115,44): warning C4244: '=': conversion from 'double' to 'float', possible loss of data (compiling source file hooks\hooks\hooked_listleavesinbox.cpp)
C:\Users\micro\Desktop\AngolaHook Aka AngolaHook\sdk\math\VMatrix.hpp(116,38): warning C4244: '=': conversion from 'double' to 'float', possible loss of data (compiling source file hooks\hooks\hooked_listleavesinbox.cpp)
C:\Users\micro\Desktop\AngolaHook Aka AngolaHook\sdk\math\VMatrix.hpp(117,38): warning C4244: '=': conversion from 'double' to 'float', possible loss of data (compiling source file hooks\hooks\hooked_listleavesinbox.cpp)
C:\Users\micro\Desktop\AngolaHook Aka AngolaHook\lua\sol.hpp(2333,10): fatal error C1083: Cannot open include file: 'lua.h': No such file or directory (compiling source file hooks\hooks\hooked_lockcursor.cpp)
  vfunc_hook.cpp
C:\Users\micro\Desktop\AngolaHook Aka AngolaHook\lua\sol.hpp(2333,10): fatal error C1083: Cannot open include file: 'lua.h': No such file or directory (compiling source file hooks\hooks\hooked_ishltv.cpp)
  code_editor.cpp
C:\Users\micro\Desktop\AngolaHook Aka AngolaHook\sdk\math\VMatrix.hpp(115,44): warning C4244: '=': conversion from 'double' to 'float', possible loss of data (compiling source file hooks\hooks\hooked_overrideview.cpp)
C:\Users\micro\Desktop\AngolaHook Aka AngolaHook\sdk\math\VMatrix.hpp(116,38): warning C4244: '=': conversion from 'double' to 'float', possible loss of data (compiling source file hooks\hooks\hooked_overrideview.cpp)
C:\Users\micro\Desktop\AngolaHook Aka AngolaHook\sdk\math\VMatrix.hpp(117,38): warning C4244: '=': conversion from 'double' to 'float', possible loss of data (compiling source file hooks\hooks\hooked_overrideview.cpp)
C:\Users\micro\Desktop\AngolaHook Aka AngolaHook\sdk\math\VMatrix.hpp(115,44): warning C4244: '=': conversion from 'double' to 'float', possible loss of data (compiling source file hooks\hooks\hooked_sceneend.cpp)
C:\Users\micro\Desktop\AngolaHook Aka AngolaHook\sdk\math\VMatrix.hpp(116,38): warning C4244: '=': conversion from 'double' to 'float', possible loss of data (compiling source file hooks\hooks\hooked_sceneend.cpp)
C:\Users\micro\Desktop\AngolaHook Aka AngolaHook\sdk\math\VMatrix.hpp(117,38): warning C4244: '=': conversion from 'double' to 'float', possible loss of data (compiling source file hooks\hooks\hooked_sceneend.cpp)
C:\Users\micro\Desktop\AngolaHook Aka AngolaHook\sdk\math\VMatrix.hpp(115,44): warning C4244: '=': conversion from 'double' to 'float', possible loss of data (compiling source file hooks\hooks\hooked_painttraverse.cpp)
C:\Users\micro\Desktop\AngolaHook Aka AngolaHook\sdk\math\VMatrix.hpp(116,38): warning C4244: '=': conversion from 'double' to 'float', possible loss of data (compiling source file hooks\hooks\hooked_painttraverse.cpp)
C:\Users\micro\Desktop\AngolaHook Aka AngolaHook\sdk\math\VMatrix.hpp(117,38): warning C4244: '=': conversion from 'double' to 'float', possible loss of data (compiling source file hooks\hooks\hooked_painttraverse.cpp)
C:\Users\micro\Desktop\AngolaHook Aka AngolaHook\sdk\math\VMatrix.hpp(115,44): warning C4244: '=': conversion from 'double' to 'float', possible loss of data (compiling source file hooks\hooks\hooked_postscreeneffects.cpp)
C:\Users\micro\Desktop\AngolaHook Aka AngolaHook\sdk\math\VMatrix.hpp(116,38): warning C4244: '=': conversion from 'double' to 'float', possible loss of data (compiling source file hooks\hooks\hooked_postscreeneffects.cpp)
C:\Users\micro\Desktop\AngolaHook Aka AngolaHook\sdk\math\VMatrix.hpp(117,38): warning C4244: '=': conversion from 'double' to 'float', possible loss of data (compiling source file hooks\hooks\hooked_postscreeneffects.cpp)
C:\Users\micro\Desktop\AngolaHook Aka AngolaHook\sdk\math\VMatrix.hpp(115,44): warning C4244: '=': conversion from 'double' to 'float', possible loss of data (compiling source file hooks\hooks\hooked_runcommand.cpp)
C:\Users\micro\Desktop\AngolaHook Aka AngolaHook\sdk\math\VMatrix.hpp(116,38): warning C4244: '=': conversion from 'double' to 'float', possible loss of data (compiling source file hooks\hooks\hooked_runcommand.cpp)
C:\Users\micro\Desktop\AngolaHook Aka AngolaHook\sdk\math\VMatrix.hpp(117,38): warning C4244: '=': conversion from 'double' to 'float', possible loss of data (compiling source file hooks\hooks\hooked_runcommand.cpp)
C:\Users\micro\Desktop\AngolaHook Aka AngolaHook\lua\sol.hpp(2333,10): fatal error C1083: Cannot open include file: 'lua.h': No such file or directory (compiling source file hooks\hooks\hooked_listleavesinbox.cpp)
  imgui.cpp
C:\Users\micro\Desktop\AngolaHook Aka AngolaHook\lua\sol.hpp(2333,10): fatal error C1083: Cannot open include file: 'lua.h': No such file or directory (compiling source file hooks\hooks\hooked_sceneend.cpp)
C:\Users\micro\Desktop\AngolaHook Aka AngolaHook\lua\sol.hpp(2333,10): fatal error C1083: Cannot open include file: 'lua.h': No such file or directory (compiling source file hooks\hooks\hooked_painttraverse.cpp)
  imgui_demo.cpp
  imgui_draw.cpp
C:\Users\micro\Desktop\AngolaHook Aka AngolaHook\sdk\math\VMatrix.hpp(115,44): warning C4244: '=': conversion from 'double' to 'float', possible loss of data (compiling source file hooks\hooks\hooked_player.cpp)
C:\Users\micro\Desktop\AngolaHook Aka AngolaHook\sdk\math\VMatrix.hpp(116,38): warning C4244: '=': conversion from 'double' to 'float', possible loss of data (compiling source file hooks\hooks\hooked_player.cpp)
C:\Users\micro\Desktop\AngolaHook Aka AngolaHook\sdk\math\VMatrix.hpp(117,38): warning C4244: '=': conversion from 'double' to 'float', possible loss of data (compiling source file hooks\hooks\hooked_player.cpp)
C:\Users\micro\Desktop\AngolaHook Aka AngolaHook\sdk\math\VMatrix.hpp(115,44): warning C4244: '=': conversion from 'double' to 'float', possible loss of data (compiling source file hooks\hooks\hooked_senddatagram.cpp)
C:\Users\micro\Desktop\AngolaHook Aka AngolaHook\sdk\math\VMatrix.hpp(116,38): warning C4244: '=': conversion from 'double' to 'float', possible loss of data (compiling source file hooks\hooks\hooked_senddatagram.cpp)
C:\Users\micro\Desktop\AngolaHook Aka AngolaHook\sdk\math\VMatrix.hpp(117,38): warning C4244: '=': conversion from 'double' to 'float', possible loss of data (compiling source file hooks\hooks\hooked_senddatagram.cpp)
C:\Users\micro\Desktop\AngolaHook Aka AngolaHook\lua\sol.hpp(2333,10): fatal error C1083: Cannot open include file: 'lua.h': No such file or directory (compiling source file hooks\hooks\hooked_overrideview.cpp)
C:\Users\micro\Desktop\AngolaHook Aka AngolaHook\lua\sol.hpp(2333,10): fatal error C1083: Cannot open include file: 'lua.h': No such file or directory (compiling source file hooks\hooks\hooked_postscreeneffects.cpp)
  imgui_freetype.cpp
  imgui_impl_dx9.cpp
C:\Users\micro\Desktop\AngolaHook Aka AngolaHook\lua\sol.hpp(2333,10): fatal error C1083: Cannot open include file: 'lua.h': No such file or directory (compiling source file hooks\hooks\hooked_runcommand.cpp)
  imgui_impl_win32.cpp
C:\Users\micro\Desktop\AngolaHook Aka AngolaHook\lua\sol.hpp(2333,10): fatal error C1083: Cannot open include file: 'lua.h': No such file or directory (compiling source file hooks\hooks\hooked_player.cpp)
C:\Users\micro\Desktop\AngolaHook Aka AngolaHook\lua\sol.hpp(2333,10): fatal error C1083: Cannot open include file: 'lua.h': No such file or directory (compiling source file hooks\hooks\hooked_senddatagram.cpp)
  imgui_widgets.cpp
  License.cpp
C:\Users\micro\Desktop\AngolaHook Aka AngolaHook\ImGui\imgui_freetype.cpp(29,10): fatal error C1083: Cannot open include file: 'ft2build.h': No such file or directory
  Clua.cpp
C:\Users\micro\Desktop\AngolaHook Aka AngolaHook\sdk\math\VMatrix.hpp(115,44): warning C4244: '=': conversion from 'double' to 'float', possible loss of data (compiling source file hooks\hooks\hooked_isconnected.cpp)
C:\Users\micro\Desktop\AngolaHook Aka AngolaHook\sdk\math\VMatrix.hpp(116,38): warning C4244: '=': conversion from 'double' to 'float', possible loss of data (compiling source file hooks\hooks\hooked_isconnected.cpp)
C:\Users\micro\Desktop\AngolaHook Aka AngolaHook\sdk\math\VMatrix.hpp(117,38): warning C4244: '=': conversion from 'double' to 'float', possible loss of data (compiling source file hooks\hooks\hooked_isconnected.cpp)
  CLuaHook.cpp
  main.cpp
C:\Users\micro\Desktop\AngolaHook Aka AngolaHook\utils\util.hpp(6,10): fatal error C1083: Cannot open include file: '..\..\utils\crypt_str.h': No such file or directory (compiling source file hooks\vfunc_hook.cpp)
  item_definitions.cpp
  SkinChanger.cpp
C:\Users\micro\Desktop\AngolaHook Aka AngolaHook\lua\sol.hpp(2333,10): fatal error C1083: Cannot open include file: 'lua.h': No such file or directory (compiling source file hooks\hooks\hooked_isconnected.cpp)
  Platform.cpp
  custom_sounds.cpp
C:\Users\micro\Desktop\AngolaHook Aka AngolaHook\utils\util.hpp(6,10): fatal error C1083: Cannot open include file: '..\..\utils\crypt_str.h': No such file or directory (compiling source file ImGui\code_editor.cpp)
  Vector2D.cpp
C:\Users\micro\Desktop\AngolaHook Aka AngolaHook\utils\util.hpp(6,10): fatal error C1083: Cannot open include file: '..\..\utils\crypt_str.h': No such file or directory (compiling source file ImGui\imgui.cpp)
  Vector4D.cpp
C:\Users\micro\Desktop\AngolaHook Aka AngolaHook\License.cpp(187,5): error C2664: 'BOOL GetCurrentHwProfileA(LPHW_PROFILE_INFOA)': cannot convert argument 1 from 'HW_PROFILE_INFO *' to 'LPHW_PROFILE_INFOA'
C:\Users\micro\Desktop\AngolaHook Aka AngolaHook\License.cpp(187,29): message : Types pointed to are unrelated; conversion requires reinterpret_cast, C-style cast or function-style cast
C:\Program Files (x86)\Windows Kits\10\Include\10.0.18362.0\um\winbase.h(7654,1): message : see declaration of 'GetCurrentHwProfileA' (compiling source file License.cpp)
C:\Users\micro\Desktop\AngolaHook Aka AngolaHook\License.cpp(188,50): error C2679: binary '=': no operator found which takes a right-hand operand of type 'WCHAR [39]' (or there is no acceptable conversion)
C:\Program Files (x86)\Microsoft Visual Studio\2019\Community\VC\Tools\MSVC\14.28.29333\include\xstring(2881,19): message : could be 'std::basic_string<char,std::char_traits<char>,std::allocator<char>> &std::basic_string<char,std::char_traits<char>,std::allocator<char>>::operator =(const _Elem)'
          with
          [
              _Elem=char
          ] (compiling source file License.cpp)
C:\Program Files (x86)\Microsoft Visual Studio\2019\Community\VC\Tools\MSVC\14.28.29333\include\xstring(2877,19): message : or       'std::basic_string<char,std::char_traits<char>,std::allocator<char>> &std::basic_string<char,std::char_traits<char>,std::allocator<char>>::operator =(const _Elem *const )'
          with
          [
              _Elem=char
          ] (compiling source file License.cpp)
C:\Program Files (x86)\Microsoft Visual Studio\2019\Community\VC\Tools\MSVC\14.28.29333\include\xstring(2862,19): message : or       'std::basic_string<char,std::char_traits<char>,std::allocator<char>> &std::basic_string<char,std::char_traits<char>,std::allocator<char>>::operator =(const std::basic_string<char,std::char_traits<char>,std::allocator<char>> &)' (compiling source file License.cpp)
C:\Program Files (x86)\Microsoft Visual Studio\2019\Community\VC\Tools\MSVC\14.28.29333\include\xstring(2763,19): message : or       'std::basic_string<char,std::char_traits<char>,std::allocator<char>> &std::basic_string<char,std::char_traits<char>,std::allocator<char>>::operator =(std::initializer_list<_Elem>)'
          with
          [
              _Elem=char
          ] (compiling source file License.cpp)
C:\Program Files (x86)\Microsoft Visual Studio\2019\Community\VC\Tools\MSVC\14.28.29333\include\xstring(2664,19): message : or       'std::basic_string<char,std::char_traits<char>,std::allocator<char>> &std::basic_string<char,std::char_traits<char>,std::allocator<char>>::operator =(std::basic_string<char,std::char_traits<char>,std::allocator<char>> &&) noexcept(<expr>)' (compiling source file License.cpp)
C:\Users\micro\Desktop\AngolaHook Aka AngolaHook\License.cpp(188,50): message : while trying to match the argument list '(std::string, WCHAR [39])'
  VMatrix.cpp
C:\Users\micro\Desktop\AngolaHook Aka AngolaHook\sdk\math\VMatrix.hpp(115,44): warning C4244: '=': conversion from 'double' to 'float', possible loss of data (compiling source file hooks\hooks\hooked_trace.cpp)
C:\Users\micro\Desktop\AngolaHook Aka AngolaHook\sdk\math\VMatrix.hpp(116,38): warning C4244: '=': conversion from 'double' to 'float', possible loss of data (compiling source file hooks\hooks\hooked_trace.cpp)
C:\Users\micro\Desktop\AngolaHook Aka AngolaHook\sdk\math\VMatrix.hpp(117,38): warning C4244: '=': conversion from 'double' to 'float', possible loss of data (compiling source file hooks\hooks\hooked_trace.cpp)
  Memory.cpp
  characterset.cpp
  checksum_crc.cpp
C:\Users\micro\Desktop\AngolaHook Aka AngolaHook\utils\util.hpp(6,10): fatal error C1083: Cannot open include file: '..\..\utils\crypt_str.h': No such file or directory (compiling source file ImGui\imgui_widgets.cpp)
  checksum_md5.cpp
  Color.cpp
  Convar.cpp
C:\Users\micro\Desktop\AngolaHook Aka AngolaHook\lua\sol.hpp(2333,10): fatal error C1083: Cannot open include file: 'lua.h': No such file or directory (compiling source file lua\CLuaHook.cpp)
  threadtools.cpp
C:\Users\micro\Desktop\AngolaHook Aka AngolaHook\lua\sol.hpp(2333,10): fatal error C1083: Cannot open include file: 'lua.h': No such file or directory (compiling source file hooks\hooks\hooked_trace.cpp)
  UtlBuffer.cpp
C:\Users\micro\Desktop\AngolaHook Aka AngolaHook\lua\sol.hpp(2333,10): fatal error C1083: Cannot open include file: 'lua.h': No such file or directory (compiling source file lua\Clua.cpp)
  UtlString.cpp
  structs.cpp
  csgo.cpp
C:\Users\micro\Desktop\AngolaHook Aka AngolaHook\sdk\misc\checksum_md5.cpp(30,14): warning C5033: 'register' is no longer a supported storage class
C:\Users\micro\Desktop\AngolaHook Aka AngolaHook\sdk\misc\threadtools.h(282,1): error C2664: 'HMODULE LoadLibraryW(LPCWSTR)': cannot convert argument 1 from 'const char *' to 'LPCWSTR' (compiling source file sdk\misc\threadtools.cpp)
C:\Users\micro\Desktop\AngolaHook Aka AngolaHook\sdk\misc\threadtools.h(282,36): message : Types pointed to are unrelated; conversion requires reinterpret_cast, C-style cast or function-style cast (compiling source file sdk\misc\threadtools.cpp)
C:\Program Files (x86)\Windows Kits\10\Include\10.0.18362.0\um\libloaderapi.h(671,1): message : see declaration of 'LoadLibraryW' (compiling source file sdk\misc\threadtools.cpp)
C:\Users\micro\Desktop\AngolaHook Aka AngolaHook\sdk\misc\threadtools.h(279): message : while compiling class template member function 'CDynamicFunction<TryEnterCriticalSectionFunc_t>::CDynamicFunction(const char *,const char *,FUNCPTR_TYPE)'
          with
          [
              FUNCPTR_TYPE=TryEnterCriticalSectionFunc_t
          ] (compiling source file sdk\misc\threadtools.cpp)
C:\Users\micro\Desktop\AngolaHook Aka AngolaHook\sdk\misc\threadtools.cpp(7): message : see reference to function template instantiation 'CDynamicFunction<TryEnterCriticalSectionFunc_t>::CDynamicFunction(const char *,const char *,FUNCPTR_TYPE)' being compiled
          with
          [
              FUNCPTR_TYPE=TryEnterCriticalSectionFunc_t
          ]
C:\Users\micro\Desktop\AngolaHook Aka AngolaHook\sdk\misc\threadtools.cpp(7): message : see reference to class template instantiation 'CDynamicFunction<TryEnterCriticalSectionFunc_t>' being compiled
C:\Users\micro\Desktop\AngolaHook Aka AngolaHook\sdk\math\VMatrix.hpp(115,44): warning C4244: '=': conversion from 'double' to 'float', possible loss of data (compiling source file sdk\math\VMatrix.cpp)
C:\Users\micro\Desktop\AngolaHook Aka AngolaHook\sdk\math\VMatrix.hpp(116,38): warning C4244: '=': conversion from 'double' to 'float', possible loss of data (compiling source file sdk\math\VMatrix.cpp)
C:\Users\micro\Desktop\AngolaHook Aka AngolaHook\sdk\math\VMatrix.hpp(117,38): warning C4244: '=': conversion from 'double' to 'float', possible loss of data (compiling source file sdk\math\VMatrix.cpp)
C:\Users\micro\Desktop\AngolaHook Aka AngolaHook\sdk\Memory.h(28,1): error C2664: 'HMODULE GetModuleHandleW(LPCWSTR)': cannot convert argument 1 from 'const char *' to 'LPCWSTR' (compiling source file sdk\Memory.cpp)
C:\Users\micro\Desktop\AngolaHook Aka AngolaHook\sdk\Memory.h(28,94): message : Types pointed to are unrelated; conversion requires reinterpret_cast, C-style cast or function-style cast (compiling source file sdk\Memory.cpp)
C:\Program Files (x86)\Windows Kits\10\Include\10.0.18362.0\um\libloaderapi.h(269,1): message : see declaration of 'GetModuleHandleW' (compiling source file sdk\Memory.cpp)
C:\Users\micro\Desktop\AngolaHook Aka AngolaHook\sdk\Memory.h(28,1): error C2660: 'K32GetModuleInformation': function does not take 3 arguments (compiling source file sdk\Memory.cpp)
C:\Program Files (x86)\Windows Kits\10\Include\10.0.18362.0\um\Psapi.h(222,1): message : see declaration of 'K32GetModuleInformation' (compiling source file sdk\Memory.cpp)
  ctx.cpp
  draw_manager.cpp
  math.cpp
  md5.cpp
  netmanager.cpp
C:\Users\micro\Desktop\AngolaHook Aka AngolaHook\utils\util.hpp(6,10): fatal error C1083: Cannot open include file: '..\..\utils\crypt_str.h': No such file or directory (compiling source file nSkinz\SkinChanger.cpp)
  recv.cpp
C:\Users\micro\Desktop\AngolaHook Aka AngolaHook\utils\util.hpp(6,10): fatal error C1083: Cannot open include file: '..\..\utils\crypt_str.h': No such file or directory (compiling source file main.cpp)
  sha-256.cpp
  twofish.cpp
C:\Users\micro\Desktop\AngolaHook Aka AngolaHook\utils\md5.cpp(312,3): error C4996: 'sprintf': This function or variable may be unsafe. Consider using sprintf_s instead. To disable deprecation, use _CRT_SECURE_NO_WARNINGS. See online help for details.
C:\Users\micro\Desktop\AngolaHook Aka AngolaHook\utils\twofish.cpp(207,14): warning C4293: '>>': shift count negative or too big, undefined behavior
C:\Users\micro\Desktop\AngolaHook Aka AngolaHook\utils\twofish.cpp(214,14): warning C4293: '>>': shift count negative or too big, undefined behavior
C:\Users\micro\Desktop\AngolaHook Aka AngolaHook\utils\twofish.cpp(265,14): warning C4293: '>>': shift count negative or too big, undefined behavior
C:\Users\micro\Desktop\AngolaHook Aka AngolaHook\utils\twofish.cpp(272,14): warning C4293: '>>': shift count negative or too big, undefined behavior
C:\Users\micro\Desktop\AngolaHook Aka AngolaHook\utils\twofish.cpp(311,24): warning C4018: '<': signed/unsigned mismatch
C:\Users\micro\Desktop\AngolaHook Aka AngolaHook\utils\twofish.cpp(320,24): warning C4018: '<': signed/unsigned mismatch
C:\Users\micro\Desktop\AngolaHook Aka AngolaHook\utils\twofish.cpp(341,24): warning C4018: '<': signed/unsigned mismatch
C:\Users\micro\Desktop\AngolaHook Aka AngolaHook\utils\twofish.cpp(350,24): warning C4018: '<': signed/unsigned mismatch
  util.cpp
C:\Users\micro\Desktop\AngolaHook Aka AngolaHook\sdk\math\VMatrix.hpp(115,44): warning C4244: '=': conversion from 'double' to 'float', possible loss of data (compiling source file utils\csgo.cpp)
C:\Users\micro\Desktop\AngolaHook Aka AngolaHook\sdk\math\VMatrix.hpp(116,38): warning C4244: '=': conversion from 'double' to 'float', possible loss of data (compiling source file utils\csgo.cpp)
C:\Users\micro\Desktop\AngolaHook Aka AngolaHook\sdk\math\VMatrix.hpp(117,38): warning C4244: '=': conversion from 'double' to 'float', possible loss of data (compiling source file utils\csgo.cpp)
C:\Users\micro\Desktop\AngolaHook Aka AngolaHook\utils\sha-256.cpp(135,3): error C4996: 'sprintf': This function or variable may be unsafe. Consider using sprintf_s instead. To disable deprecation, use _CRT_SECURE_NO_WARNINGS. See online help for details.
C:\Users\micro\Desktop\AngolaHook Aka AngolaHook\utils\util.hpp(6,10): fatal error C1083: Cannot open include file: '..\..\utils\crypt_str.h': No such file or directory (compiling source file sdk\structs.cpp)
C:\Users\micro\Desktop\AngolaHook Aka AngolaHook\utils\util.hpp(6,10): fatal error C1083: Cannot open include file: '..\..\utils\crypt_str.h': No such file or directory (compiling source file utils\draw_manager.cpp)
C:\Users\micro\Desktop\AngolaHook Aka AngolaHook\utils\util.hpp(6,10): fatal error C1083: Cannot open include file: '..\..\utils\crypt_str.h': No such file or directory (compiling source file utils\math.cpp)
C:\Users\micro\Desktop\AngolaHook Aka AngolaHook\lua\sol.hpp(2333,10): fatal error C1083: Cannot open include file: 'lua.h': No such file or directory (compiling source file sdk\misc\Convar.cpp)
C:\Users\micro\Desktop\AngolaHook Aka AngolaHook\utils\util.hpp(6,10): fatal error C1083: Cannot open include file: '..\..\utils\crypt_str.h': No such file or directory (compiling source file utils\ctx.cpp)
C:\Users\micro\Desktop\AngolaHook Aka AngolaHook\utils\util.hpp(6,10): fatal error C1083: Cannot open include file: '..\..\utils\crypt_str.h': No such file or directory (compiling source file utils\netmanager.cpp)
C:\Users\micro\Desktop\AngolaHook Aka AngolaHook\utils\util.hpp(6,10): fatal error C1083: Cannot open include file: '..\..\utils\crypt_str.h': No such file or directory (compiling source file utils\recv.cpp)
C:\Users\micro\Desktop\AngolaHook Aka AngolaHook\utils\util.hpp(6,10): fatal error C1083: Cannot open include file: '..\..\utils\crypt_str.h': No such file or directory (compiling source file utils\csgo.cpp)
C:\Users\micro\Desktop\AngolaHook Aka AngolaHook\sdk\math\VMatrix.hpp(115,44): warning C4244: '=': conversion from 'double' to 'float', possible loss of data (compiling source file utils\util.cpp)
C:\Users\micro\Desktop\AngolaHook Aka AngolaHook\sdk\math\VMatrix.hpp(116,38): warning C4244: '=': conversion from 'double' to 'float', possible loss of data (compiling source file utils\util.cpp)
C:\Users\micro\Desktop\AngolaHook Aka AngolaHook\sdk\math\VMatrix.hpp(117,38): warning C4244: '=': conversion from 'double' to 'float', possible loss of data (compiling source file utils\util.cpp)
C:\Users\micro\Desktop\AngolaHook Aka AngolaHook\lua\sol.hpp(2333,10): fatal error C1083: Cannot open include file: 'lua.h': No such file or directory (compiling source file utils\util.cpp)
